************************** 2023-08-30T19:57:46+00:00 **************************
2023-08-30T19:58:03+00:00 | [INFO	] Server up (GameLabs v1.910)
2023-08-30T19:58:03+00:00 | [INFO	] Experimental speed check is enabled
2023-08-30T20:58:06+00:00 | [ERROR	] ServerPoll2 errorCode(5)
2023-08-30T20:58:06+00:00 | [ERROR	] GameLabs API error, reauthenticating...
2023-08-30T20:58:06+00:00 | [WARN	] RegisterAsync re-authorized
2023-08-30T21:58:10+00:00 | [ERROR	] ServerPoll2 errorCode(5)
2023-08-30T21:58:10+00:00 | [ERROR	] GameLabs API error, reauthenticating...
2023-08-30T21:58:11+00:00 | [WARN	] RegisterAsync re-authorized
2023-08-30T22:58:15+00:00 | [ERROR	] ServerPoll2 errorCode(5)
2023-08-30T22:58:15+00:00 | [ERROR	] GameLabs API error, reauthenticating...
2023-08-30T22:58:16+00:00 | [WARN	] RegisterAsync re-authorized
2023-08-30T23:16:17+00:00 | [WARN	] ********* EXPERIMENTAL FEATURE *********
2023-08-30T23:16:17+00:00 | [WARN	] THIS MAY BE A FALSE POSITIVE; DO NOT BLANKET BAN
2023-08-30T23:16:17+00:00 | [WARN	] [SPEED-HACK] Potential speed-hack player=76561198123155229, distance=7724.71u, unitsPerSecond=3089.89 [threshold=8, inVehicle=0, triggers=1])
2023-08-30T23:16:17+00:00 | [WARN	] THIS MAY BE A FALSE POSITIVE; DO NOT BLANKET BAN
2023-08-30T23:16:17+00:00 | [WARN	] ****************************************
2023-08-30T23:16:27+00:00 | [WARN	] ********* EXPERIMENTAL FEATURE *********
2023-08-30T23:16:27+00:00 | [WARN	] THIS MAY BE A FALSE POSITIVE; DO NOT BLANKET BAN
2023-08-30T23:16:27+00:00 | [WARN	] [SPEED-HACK] Potential speed-hack player=76561198074662107, distance=830.133u, unitsPerSecond=332.053 [threshold=8, inVehicle=0, triggers=1])
2023-08-30T23:16:27+00:00 | [WARN	] THIS MAY BE A FALSE POSITIVE; DO NOT BLANKET BAN
2023-08-30T23:16:27+00:00 | [WARN	] ****************************************
2023-08-30T23:17:19+00:00 | [WARN	] ********* EXPERIMENTAL FEATURE *********
2023-08-30T23:17:19+00:00 | [WARN	] THIS MAY BE A FALSE POSITIVE; DO NOT BLANKET BAN
2023-08-30T23:17:19+00:00 | [WARN	] [SPEED-HACK] Potential speed-hack player=76561198123155229, distance=6885.55u, unitsPerSecond=2754.22 [threshold=8, inVehicle=0, triggers=2])
2023-08-30T23:17:19+00:00 | [WARN	] THIS MAY BE A FALSE POSITIVE; DO NOT BLANKET BAN
2023-08-30T23:17:19+00:00 | [WARN	] ****************************************
2023-08-30T23:17:39+00:00 | [WARN	] ********* EXPERIMENTAL FEATURE *********
2023-08-30T23:17:39+00:00 | [WARN	] THIS MAY BE A FALSE POSITIVE; DO NOT BLANKET BAN
2023-08-30T23:17:39+00:00 | [WARN	] [SPEED-HACK] Potential speed-hack player=76561198882022900, distance=6881.73u, unitsPerSecond=2752.69 [threshold=8, inVehicle=0, triggers=1])
2023-08-30T23:17:39+00:00 | [WARN	] THIS MAY BE A FALSE POSITIVE; DO NOT BLANKET BAN
2023-08-30T23:17:39+00:00 | [WARN	] ****************************************
2023-08-30T23:17:39+00:00 | [WARN	] ********* EXPERIMENTAL FEATURE *********
2023-08-30T23:17:39+00:00 | [WARN	] THIS MAY BE A FALSE POSITIVE; DO NOT BLANKET BAN
2023-08-30T23:17:39+00:00 | [WARN	] [SPEED-HACK] Potential speed-hack player=76561198074662107, distance=6881.55u, unitsPerSecond=2752.62 [threshold=8, inVehicle=0, triggers=2])
2023-08-30T23:17:39+00:00 | [WARN	] THIS MAY BE A FALSE POSITIVE; DO NOT BLANKET BAN
2023-08-30T23:17:39+00:00 | [WARN	] ****************************************
2023-08-30T23:18:11+00:00 | [WARN	] ********* EXPERIMENTAL FEATURE *********
2023-08-30T23:18:11+00:00 | [WARN	] THIS MAY BE A FALSE POSITIVE; DO NOT BLANKET BAN
2023-08-30T23:18:11+00:00 | [WARN	] [SPEED-HACK] Potential speed-hack player=76561198882022900, distance=13023u, unitsPerSecond=5209.21 [threshold=8, inVehicle=0, triggers=2])
2023-08-30T23:18:11+00:00 | [WARN	] THIS MAY BE A FALSE POSITIVE; DO NOT BLANKET BAN
2023-08-30T23:18:11+00:00 | [WARN	] ****************************************
2023-08-30T23:18:29+00:00 | [WARN	] ********* EXPERIMENTAL FEATURE *********
2023-08-30T23:18:29+00:00 | [WARN	] THIS MAY BE A FALSE POSITIVE; DO NOT BLANKET BAN
2023-08-30T23:18:29+00:00 | [WARN	] [SPEED-HACK] Potential speed-hack player=76561198074662107, distance=13027.3u, unitsPerSecond=5210.92 [threshold=8, inVehicle=0, triggers=3])
2023-08-30T23:18:29+00:00 | [WARN	] THIS MAY BE A FALSE POSITIVE; DO NOT BLANKET BAN
2023-08-30T23:18:29+00:00 | [WARN	] ****************************************
2023-08-30T23:18:57+00:00 | [WARN	] ********* EXPERIMENTAL FEATURE *********
2023-08-30T23:18:57+00:00 | [WARN	] THIS MAY BE A FALSE POSITIVE; DO NOT BLANKET BAN
2023-08-30T23:18:57+00:00 | [WARN	] [SPEED-HACK] Potential speed-hack player=76561198123155229, distance=13026.1u, unitsPerSecond=5198.25 [threshold=8, inVehicle=0, triggers=3])
2023-08-30T23:18:57+00:00 | [WARN	] THIS MAY BE A FALSE POSITIVE; DO NOT BLANKET BAN
2023-08-30T23:18:57+00:00 | [WARN	] ****************************************
2023-08-30T23:26:50+00:00 | [WARN	] ********* EXPERIMENTAL FEATURE *********
2023-08-30T23:26:50+00:00 | [WARN	] THIS MAY BE A FALSE POSITIVE; DO NOT BLANKET BAN
2023-08-30T23:26:50+00:00 | [WARN	] [SPEED-HACK] Potential speed-hack player=76561198074662107, distance=13029.3u, unitsPerSecond=5191.44 [threshold=8, inVehicle=0, triggers=4])
2023-08-30T23:26:50+00:00 | [WARN	] THIS MAY BE A FALSE POSITIVE; DO NOT BLANKET BAN
2023-08-30T23:26:50+00:00 | [WARN	] ****************************************
2023-08-30T23:27:07+00:00 | [WARN	] ********* EXPERIMENTAL FEATURE *********
2023-08-30T23:27:07+00:00 | [WARN	] THIS MAY BE A FALSE POSITIVE; DO NOT BLANKET BAN
2023-08-30T23:27:07+00:00 | [WARN	] [SPEED-HACK] Potential speed-hack player=76561198074662107, distance=13015.9u, unitsPerSecond=5206.36 [threshold=8, inVehicle=0, triggers=5])
2023-08-30T23:27:07+00:00 | [WARN	] THIS MAY BE A FALSE POSITIVE; DO NOT BLANKET BAN
2023-08-30T23:27:07+00:00 | [WARN	] ****************************************
2023-08-30T23:27:29+00:00 | [WARN	] ********* EXPERIMENTAL FEATURE *********
2023-08-30T23:27:29+00:00 | [WARN	] THIS MAY BE A FALSE POSITIVE; DO NOT BLANKET BAN
2023-08-30T23:27:29+00:00 | [WARN	] [SPEED-HACK] Potential speed-hack player=76561198071409527, distance=11255.5u, unitsPerSecond=4502.19 [threshold=8, inVehicle=0, triggers=1])
2023-08-30T23:27:29+00:00 | [WARN	] THIS MAY BE A FALSE POSITIVE; DO NOT BLANKET BAN
2023-08-30T23:27:29+00:00 | [WARN	] ****************************************
2023-08-30T23:34:17+00:00 | [WARN	] ********* EXPERIMENTAL FEATURE *********
2023-08-30T23:34:17+00:00 | [WARN	] THIS MAY BE A FALSE POSITIVE; DO NOT BLANKET BAN
2023-08-30T23:34:17+00:00 | [WARN	] [SPEED-HACK] Potential speed-hack player=76561198123155229, distance=11014.4u, unitsPerSecond=4405.76 [threshold=8, inVehicle=0, triggers=4])
2023-08-30T23:34:17+00:00 | [WARN	] THIS MAY BE A FALSE POSITIVE; DO NOT BLANKET BAN
2023-08-30T23:34:17+00:00 | [WARN	] ****************************************
2023-08-30T23:34:27+00:00 | [WARN	] ********* EXPERIMENTAL FEATURE *********
2023-08-30T23:34:27+00:00 | [WARN	] THIS MAY BE A FALSE POSITIVE; DO NOT BLANKET BAN
2023-08-30T23:34:27+00:00 | [WARN	] [SPEED-HACK] Potential speed-hack player=76561198882022900, distance=11012.2u, unitsPerSecond=4404.88 [threshold=8, inVehicle=0, triggers=3])
2023-08-30T23:34:27+00:00 | [WARN	] THIS MAY BE A FALSE POSITIVE; DO NOT BLANKET BAN
2023-08-30T23:34:27+00:00 | [WARN	] ****************************************
2023-08-30T23:34:27+00:00 | [WARN	] ********* EXPERIMENTAL FEATURE *********
2023-08-30T23:34:27+00:00 | [WARN	] THIS MAY BE A FALSE POSITIVE; DO NOT BLANKET BAN
2023-08-30T23:34:27+00:00 | [WARN	] [SPEED-HACK] Potential speed-hack player=76561198074662107, distance=11007u, unitsPerSecond=4402.79 [threshold=8, inVehicle=0, triggers=6])
2023-08-30T23:34:27+00:00 | [WARN	] THIS MAY BE A FALSE POSITIVE; DO NOT BLANKET BAN
2023-08-30T23:34:27+00:00 | [WARN	] ****************************************
